2020-08-06 11:29:10,547 - INFO - Beginning execution of phydms in directory /Users/skhilton/Desktop/SARS-phydms

2020-08-06 11:29:10,547 - INFO - Progress is being logged to phydms_comprehensive/ExpCM_expr_gammaomega_log.log

2020-08-06 11:29:10,547 - INFO - Version information:
	Time and date: Thu Aug  6 11:29:09 2020
	Platform: Darwin-19.3.0-x86_64-i386-64bit
	Python version: 3.7.3 (default, Mar 27 2019, 16:54:48)  [Clang 4.0.1 (tags/RELEASE_401/final)]
	phydms version: 2.4.0
	Bio version: 1.77
	cython version: 0.29.19
	numpy version: 1.18.1
	scipy version: 1.4.1
	matplotlib version: 3.2.1
	natsort version: 7.0.1
	sympy version: 1.6
	six version: 1.14.0
	pandas version: 1.0.3
	pyvolve version: 1.0.1
	statsmodels version: 0.11.1
	weblogolib version: 3.5.0
	PyPDF2 version: 1.26.0

2020-08-06 11:29:10,547 - INFO - Parsed the following arguments:
	alignment = results/RBD.fasta
	tree = phydms_comprehensive/RAxML_tree.newick
	model = ('ExpCM', 'results/expr.csv')
	outprefix = phydms_comprehensive/ExpCM_expr_gammaomega
	brlen = optimize
	gammaomega = True
	gammabeta = False
	omegabysite = True
	omegabysite_fixsyn = False
	diffprefsbysite = False
	diffprefsprior = ('invquadratic', 150.0, 0.5)
	fitphi = False
	randprefs = False
	avgprefs = False
	divpressure = None
	ncpus = 1
	fitprefsmethod = 2
	ncats = 4
	minbrlen = 1e-06
	minpref = 0.002
	seed = 1
	initparams = None
	profile = False
	opt_details = False
	nograd = False
	omega_random_effects_likelihood = True
	REL_ncats = 50

2020-08-06 11:29:10,547 - INFO - Random number seed: 1

2020-08-06 11:29:10,547 - INFO - Reading alignment from results/RBD.fasta
2020-08-06 11:29:10,626 - INFO - Read 23 aligned sequences from results/RBD.fasta, each consisting of 201 codons.

2020-08-06 11:29:10,627 - INFO - The model will be an ExpCM informed by site-specific amino-acid preferences in results/expr.csv
2020-08-06 11:29:10,929 - INFO - Successfully read site-specific amino-acid preferences for all 201 sites.

2020-08-06 11:29:10,929 - INFO - Nucleotide frequency parameters phi will be set so stationary state matches alignment nucleotide frequencies of A = 0.272, C = 0.193, G = 0.187, T = 0.348

2020-08-06 11:29:11,357 - INFO - Omega will be drawn from 4 gamma-distributed categories.

2020-08-06 11:29:12,987 - INFO - Reading tree from phydms_comprehensive/RAxML_tree.newick
2020-08-06 11:29:12,988 - INFO - Tree has 23 tips.
2020-08-06 11:29:12,991 - INFO - Adjusted 1 branch lengths up to minbrlen 1e-06

2020-08-06 11:29:12,991 - INFO - Initializing TreeLikelihood..
2020-08-06 11:29:25,718 - INFO - TreeLikelihood initialized.
2020-08-06 11:29:25,719 - INFO - Maximizing log likelihood (initially -3251.21).
2020-08-06 11:29:25,719 - INFO - Branch lengths will be optimized individually.
2020-08-06 11:45:28,497 - INFO - Maximization complete:
	Step 1: optimized parameters, loglik went from -3251.21 to -2962.24 (17 iterations, 23 function evals)
	Step 2: optimized branches, loglik went from -2962.24 to -2956.72 (88 iterations, 102 function evals)
	Step 3: optimized parameters, loglik went from -2956.72 to -2956.51 (10 iterations, 13 function evals)
	Step 4: optimized branches, loglik went from -2956.51 to -2956.51 (1 iterations, 4 function evals)
2020-08-06 11:45:28,516 - INFO - Optimized log likelihood is -2956.51.
2020-08-06 11:45:28,516 - INFO - Writing log likelihood to phydms_comprehensive/ExpCM_expr_gammaomega_loglikelihood.txt
2020-08-06 11:45:28,520 - INFO - Model parameters after optimization:
	alpha_omega = 0.404854
	beta = 1.54461
	beta_omega = 0.857034
	kappa = 2.12863
	phiA = 0.269445
	phiC = 0.174853
	phiG = 0.158053
2020-08-06 11:45:28,521 - INFO - Writing model parameters to phydms_comprehensive/ExpCM_expr_gammaomega_modelparams.txt
2020-08-06 11:45:28,522 - INFO - Writing the optimized tree to phydms_comprehensive/ExpCM_expr_gammaomega_tree.newick

2020-08-06 11:45:28,548 - INFO - 
Fitting a different omega to each site to detect diversifying selection.
2020-08-06 11:45:28,548 - INFO - Will fit different synonymous rate for each site.
2020-08-06 11:45:28,548 - INFO - Fitting with 1 CPUs...
2020-08-06 11:46:29,308 - WARNING - /Users/skhilton/miniconda3/bin/phydms:482: DeprecationWarning: scipy.where is deprecated and will be removed in SciPy 2.0.0, use numpy.where instead
  pvalues, 1)

2020-08-06 11:46:29,309 - WARNING - /Users/skhilton/miniconda3/bin/phydms:485: DeprecationWarning: scipy.minimum is deprecated and will be removed in SciPy 2.0.0, use numpy.minimum instead
  qvalues = scipy.minimum(qvalues, qvalues_sign)

2020-08-06 11:46:29,309 - WARNING - /Users/skhilton/miniconda3/bin/phydms:482: DeprecationWarning: scipy.where is deprecated and will be removed in SciPy 2.0.0, use numpy.where instead
  pvalues, 1)

2020-08-06 11:46:29,309 - WARNING - /Users/skhilton/miniconda3/bin/phydms:485: DeprecationWarning: scipy.minimum is deprecated and will be removed in SciPy 2.0.0, use numpy.minimum instead
  qvalues = scipy.minimum(qvalues, qvalues_sign)

2020-08-06 11:46:29,310 - WARNING - /Users/skhilton/miniconda3/bin/phydms:486: DeprecationWarning: scipy.argsort is deprecated and will be removed in SciPy 2.0.0, use numpy.argsort instead
  sortindex = scipy.argsort(qvalues)

2020-08-06 11:46:29,310 - WARNING - /Users/skhilton/miniconda3/bin/phydms:487: DeprecationWarning: scipy.take is deprecated and will be removed in SciPy 2.0.0, use numpy.take instead
  qvalues = scipy.take(qvalues, sortindex)

2020-08-06 11:46:29,310 - WARNING - /Users/skhilton/miniconda3/bin/phydms:488: DeprecationWarning: scipy.take is deprecated and will be removed in SciPy 2.0.0, use numpy.take instead
  omega_strs = scipy.take(omega_strs, sortindex)

2020-08-06 11:46:29,311 - INFO - Completed fitting the site-specific omega values.
2020-08-06 11:46:29,311 - INFO - Writing results to phydms_comprehensive/ExpCM_expr_gammaomega_omegabysite.txt

2020-08-06 11:46:29,741 - INFO - Distribution of omega values will be integrated with 50 discrete categories.
2020-08-06 11:46:29,752 - INFO - Constructing a substitution model for each discrete category.
2020-08-06 11:48:15,141 - INFO - There are 7 category(ies) whose omega value is greater than one.
2020-08-06 11:48:15,142 - INFO - Computing posterior probabilities of positive selection for each site.
2020-08-06 11:48:15,261 - INFO - Successful completion of phydms
