2020-07-07 10:45:28,722 - INFO - Beginning execution of phydms in directory /Users/skhilton/Desktop/SARS-phydms

2020-07-07 10:45:28,722 - INFO - Progress is being logged to phydms_comprehensive/ExpCM_bind_log.log

2020-07-07 10:45:28,722 - INFO - Version information:
	Time and date: Tue Jul  7 10:45:27 2020
	Platform: Darwin-19.3.0-x86_64-i386-64bit
	Python version: 3.7.7 (default, Mar 26 2020, 10:32:53)  [Clang 4.0.1 (tags/RELEASE_401/final)]
	phydms version: 2.4.0
	Bio version: 1.77
	cython version: 0.29.19
	numpy version: 1.18.1
	scipy version: 1.4.1
	matplotlib version: 3.2.1
	natsort version: 7.0.1
	sympy version: 1.6
	six version: 1.14.0
	pandas version: 1.0.3
	pyvolve version: 1.0.1
	statsmodels version: 0.11.1
	weblogolib version: 3.5.0
	PyPDF2 version: 1.26.0

2020-07-07 10:45:28,722 - INFO - Parsed the following arguments:
	alignment = results/RBD.fasta
	tree = phydms_comprehensive/RAxML_tree.newick
	model = ('ExpCM', 'results/bind.csv')
	outprefix = phydms_comprehensive/ExpCM_bind
	brlen = optimize
	gammaomega = False
	gammabeta = False
	omegabysite = True
	omegabysite_fixsyn = False
	diffprefsbysite = False
	diffprefsprior = ('invquadratic', 150.0, 0.5)
	fitphi = False
	randprefs = False
	avgprefs = False
	divpressure = None
	ncpus = 1
	fitprefsmethod = 2
	ncats = 4
	minbrlen = 1e-06
	minpref = 0.002
	seed = 1
	initparams = None
	profile = False
	opt_details = False
	nograd = False
	omega_random_effects_likelihood = False
	REL_ncats = 50

2020-07-07 10:45:28,723 - INFO - Random number seed: 1

2020-07-07 10:45:28,723 - INFO - Reading alignment from results/RBD.fasta
2020-07-07 10:45:28,756 - INFO - Read 9 aligned sequences from results/RBD.fasta, each consisting of 201 codons.

2020-07-07 10:45:28,756 - INFO - The model will be an ExpCM informed by site-specific amino-acid preferences in results/bind.csv
2020-07-07 10:45:29,048 - INFO - Successfully read site-specific amino-acid preferences for all 201 sites.

2020-07-07 10:45:29,049 - INFO - Nucleotide frequency parameters phi will be set so stationary state matches alignment nucleotide frequencies of A = 0.273, C = 0.193, G = 0.186, T = 0.349

2020-07-07 10:45:29,491 - INFO - Reading tree from phydms_comprehensive/RAxML_tree.newick
2020-07-07 10:45:29,493 - INFO - Tree has 9 tips.
2020-07-07 10:45:29,494 - INFO - Adjusted 1 branch lengths up to minbrlen 1e-06

2020-07-07 10:45:29,494 - INFO - Initializing TreeLikelihood..
2020-07-07 10:45:30,838 - INFO - TreeLikelihood initialized.
2020-07-07 10:45:30,838 - INFO - Maximizing log likelihood (initially -2975.39).
2020-07-07 10:45:30,838 - INFO - Branch lengths will be optimized individually.
2020-07-07 10:46:40,759 - INFO - Maximization complete:
	Step 1: optimized parameters, loglik went from -2975.39 to -2713.34 (18 iterations, 25 function evals)
	Step 2: optimized branches, loglik went from -2713.34 to -2710.39 (20 iterations, 26 function evals)
	Step 3: optimized parameters, loglik went from -2710.39 to -2710.32 (9 iterations, 12 function evals)
	Step 4: optimized branches, loglik went from -2710.32 to -2710.32 (2 iterations, 5 function evals)
2020-07-07 10:46:40,762 - INFO - Optimized log likelihood is -2710.32.
2020-07-07 10:46:40,762 - INFO - Writing log likelihood to phydms_comprehensive/ExpCM_bind_loglikelihood.txt
2020-07-07 10:46:40,763 - INFO - Model parameters after optimization:
	beta = 2.03293
	kappa = 1.77629
	omega = 0.194134
	phiA = 0.298298
	phiC = 0.18792
	phiG = 0.172237
2020-07-07 10:46:40,764 - INFO - Writing model parameters to phydms_comprehensive/ExpCM_bind_modelparams.txt
2020-07-07 10:46:40,764 - INFO - Writing the optimized tree to phydms_comprehensive/ExpCM_bind_tree.newick

2020-07-07 10:46:40,767 - INFO - 
Fitting a different omega to each site to detect diversifying selection.
2020-07-07 10:46:40,767 - INFO - Will fit different synonymous rate for each site.
2020-07-07 10:46:40,767 - INFO - Fitting with 1 CPUs...
2020-07-07 10:47:06,577 - WARNING - /Users/skhilton/miniconda3/envs/phydms/bin/phydms:482: DeprecationWarning: scipy.where is deprecated and will be removed in SciPy 2.0.0, use numpy.where instead
  pvalues, 1)

2020-07-07 10:47:06,579 - WARNING - /Users/skhilton/miniconda3/envs/phydms/bin/phydms:485: DeprecationWarning: scipy.minimum is deprecated and will be removed in SciPy 2.0.0, use numpy.minimum instead
  qvalues = scipy.minimum(qvalues, qvalues_sign)

2020-07-07 10:47:06,579 - WARNING - /Users/skhilton/miniconda3/envs/phydms/bin/phydms:482: DeprecationWarning: scipy.where is deprecated and will be removed in SciPy 2.0.0, use numpy.where instead
  pvalues, 1)

2020-07-07 10:47:06,579 - WARNING - /Users/skhilton/miniconda3/envs/phydms/bin/phydms:485: DeprecationWarning: scipy.minimum is deprecated and will be removed in SciPy 2.0.0, use numpy.minimum instead
  qvalues = scipy.minimum(qvalues, qvalues_sign)

2020-07-07 10:47:06,579 - WARNING - /Users/skhilton/miniconda3/envs/phydms/bin/phydms:486: DeprecationWarning: scipy.argsort is deprecated and will be removed in SciPy 2.0.0, use numpy.argsort instead
  sortindex = scipy.argsort(qvalues)

2020-07-07 10:47:06,579 - WARNING - /Users/skhilton/miniconda3/envs/phydms/bin/phydms:487: DeprecationWarning: scipy.take is deprecated and will be removed in SciPy 2.0.0, use numpy.take instead
  qvalues = scipy.take(qvalues, sortindex)

2020-07-07 10:47:06,580 - WARNING - /Users/skhilton/miniconda3/envs/phydms/bin/phydms:488: DeprecationWarning: scipy.take is deprecated and will be removed in SciPy 2.0.0, use numpy.take instead
  omega_strs = scipy.take(omega_strs, sortindex)

2020-07-07 10:47:06,580 - INFO - Completed fitting the site-specific omega values.
2020-07-07 10:47:06,580 - INFO - Writing results to phydms_comprehensive/ExpCM_bind_omegabysite.txt

2020-07-07 10:47:06,581 - INFO - Successful completion of phydms
