2020-07-07 14:29:16,496 - INFO - Beginning execution of phydms in directory /Users/skhilton/Desktop/SARS-phydms

2020-07-07 14:29:16,496 - INFO - Progress is being logged to phydms_comprehensive_0.5/averaged_ExpCM_bind_gammaomega_log.log

2020-07-07 14:29:16,496 - INFO - Version information:
	Time and date: Tue Jul  7 14:29:15 2020
	Platform: Darwin-19.3.0-x86_64-i386-64bit
	Python version: 3.7.7 (default, Mar 26 2020, 10:32:53)  [Clang 4.0.1 (tags/RELEASE_401/final)]
	phydms version: 2.4.0
	Bio version: 1.77
	cython version: 0.29.19
	numpy version: 1.18.1
	scipy version: 1.4.1
	matplotlib version: 3.2.1
	natsort version: 7.0.1
	sympy version: 1.6
	six version: 1.14.0
	pandas version: 1.0.3
	pyvolve version: 1.0.1
	statsmodels version: 0.11.1
	weblogolib version: 3.5.0
	PyPDF2 version: 1.26.0

2020-07-07 14:29:16,496 - INFO - Parsed the following arguments:
	alignment = results/RBD_min0.5.fasta
	tree = phydms_comprehensive_0.5/RAxML_tree.newick
	model = ('ExpCM', 'results/bind.csv')
	outprefix = phydms_comprehensive_0.5/averaged_ExpCM_bind_gammaomega
	brlen = optimize
	gammaomega = True
	gammabeta = False
	omegabysite = True
	omegabysite_fixsyn = False
	diffprefsbysite = False
	diffprefsprior = ('invquadratic', 150.0, 0.5)
	fitphi = False
	randprefs = False
	avgprefs = True
	divpressure = None
	ncpus = 1
	fitprefsmethod = 2
	ncats = 4
	minbrlen = 1e-06
	minpref = 0.002
	seed = 1
	initparams = None
	profile = False
	opt_details = False
	nograd = False
	omega_random_effects_likelihood = True
	REL_ncats = 50

2020-07-07 14:29:16,496 - INFO - Random number seed: 1

2020-07-07 14:29:16,496 - INFO - Reading alignment from results/RBD_min0.5.fasta
2020-07-07 14:29:16,579 - INFO - Read 29 aligned sequences from results/RBD_min0.5.fasta, each consisting of 201 codons.

2020-07-07 14:29:16,580 - INFO - The model will be an ExpCM informed by site-specific amino-acid preferences in results/bind.csv
2020-07-07 14:29:16,580 - INFO - Preferences will be averaged across sites.
2020-07-07 14:29:16,820 - INFO - Successfully read site-specific amino-acid preferences for all 201 sites.

2020-07-07 14:29:16,821 - INFO - Nucleotide frequency parameters phi will be set so stationary state matches alignment nucleotide frequencies of A = 0.274, C = 0.195, G = 0.187, T = 0.344

2020-07-07 14:29:17,159 - INFO - Omega will be drawn from 4 gamma-distributed categories.

2020-07-07 14:29:18,556 - INFO - Reading tree from phydms_comprehensive_0.5/RAxML_tree.newick
2020-07-07 14:29:18,558 - INFO - Tree has 29 tips.
2020-07-07 14:29:18,562 - INFO - Adjusted 1 branch lengths up to minbrlen 1e-06

2020-07-07 14:29:18,562 - INFO - Initializing TreeLikelihood..
2020-07-07 14:29:34,045 - INFO - TreeLikelihood initialized.
2020-07-07 14:29:34,046 - INFO - Maximizing log likelihood (initially -7124.54).
2020-07-07 14:29:35,587 - INFO - Branch lengths will be optimized individually.
2020-07-07 14:46:02,844 - INFO - Maximization complete:
	Step 1: optimized parameters, loglik went from -7124.54 to -6255.19 (14 iterations, 20 function evals)
	Step 2: optimized branches, loglik went from -6255.19 to -6248.91 (58 iterations, 66 function evals)
	Step 3: optimized parameters, loglik went from -6248.91 to -6248.57 (8 iterations, 11 function evals)
	Step 4: optimized branches, loglik went from -6248.57 to -6248.52 (18 iterations, 22 function evals)
	Step 5: optimized parameters, loglik went from -6248.52 to -6248.52 (2 iterations, 5 function evals)
2020-07-07 14:46:02,850 - INFO - Optimized log likelihood is -6248.52.
2020-07-07 14:46:02,850 - INFO - Writing log likelihood to phydms_comprehensive_0.5/averaged_ExpCM_bind_gammaomega_loglikelihood.txt
2020-07-07 14:46:02,864 - INFO - Model parameters after optimization:
	alpha_omega = 0.31556
	beta = 1.1e-05
	beta_omega = 2.97888
	kappa = 2.27666
	phiA = 0.287239
	phiC = 0.182244
	phiG = 0.187164
2020-07-07 14:46:02,864 - INFO - Writing model parameters to phydms_comprehensive_0.5/averaged_ExpCM_bind_gammaomega_modelparams.txt
2020-07-07 14:46:02,865 - INFO - Writing the optimized tree to phydms_comprehensive_0.5/averaged_ExpCM_bind_gammaomega_tree.newick

2020-07-07 14:46:02,892 - INFO - 
Fitting a different omega to each site to detect diversifying selection.
2020-07-07 14:46:02,892 - INFO - Will fit different synonymous rate for each site.
2020-07-07 14:46:02,892 - INFO - Fitting with 1 CPUs...
2020-07-07 14:47:35,670 - WARNING - /Users/skhilton/miniconda3/envs/phydms/bin/phydms:482: DeprecationWarning: scipy.where is deprecated and will be removed in SciPy 2.0.0, use numpy.where instead
  pvalues, 1)

2020-07-07 14:47:35,670 - WARNING - /Users/skhilton/miniconda3/envs/phydms/bin/phydms:485: DeprecationWarning: scipy.minimum is deprecated and will be removed in SciPy 2.0.0, use numpy.minimum instead
  qvalues = scipy.minimum(qvalues, qvalues_sign)

2020-07-07 14:47:35,671 - WARNING - /Users/skhilton/miniconda3/envs/phydms/bin/phydms:482: DeprecationWarning: scipy.where is deprecated and will be removed in SciPy 2.0.0, use numpy.where instead
  pvalues, 1)

2020-07-07 14:47:35,671 - WARNING - /Users/skhilton/miniconda3/envs/phydms/bin/phydms:485: DeprecationWarning: scipy.minimum is deprecated and will be removed in SciPy 2.0.0, use numpy.minimum instead
  qvalues = scipy.minimum(qvalues, qvalues_sign)

2020-07-07 14:47:35,671 - WARNING - /Users/skhilton/miniconda3/envs/phydms/bin/phydms:486: DeprecationWarning: scipy.argsort is deprecated and will be removed in SciPy 2.0.0, use numpy.argsort instead
  sortindex = scipy.argsort(qvalues)

2020-07-07 14:47:35,671 - WARNING - /Users/skhilton/miniconda3/envs/phydms/bin/phydms:487: DeprecationWarning: scipy.take is deprecated and will be removed in SciPy 2.0.0, use numpy.take instead
  qvalues = scipy.take(qvalues, sortindex)

2020-07-07 14:47:35,671 - WARNING - /Users/skhilton/miniconda3/envs/phydms/bin/phydms:488: DeprecationWarning: scipy.take is deprecated and will be removed in SciPy 2.0.0, use numpy.take instead
  omega_strs = scipy.take(omega_strs, sortindex)

2020-07-07 14:47:35,672 - INFO - Completed fitting the site-specific omega values.
2020-07-07 14:47:35,672 - INFO - Writing results to phydms_comprehensive_0.5/averaged_ExpCM_bind_gammaomega_omegabysite.txt

2020-07-07 14:47:36,152 - INFO - Distribution of omega values will be integrated with 50 discrete categories.
2020-07-07 14:47:36,163 - INFO - Constructing a substitution model for each discrete category.
2020-07-07 14:49:43,438 - INFO - There are 0 category(ies) whose omega value is greater than one.
2020-07-07 14:49:43,440 - INFO - Computing posterior probabilities of positive selection for each site.
2020-07-07 14:49:43,456 - INFO - Computing false discovery rate.
2020-07-07 14:49:43,519 - INFO - Successful completion of phydms
