2020-07-07 14:24:37,450 - INFO - Beginning execution of phydms in directory /Users/skhilton/Desktop/SARS-phydms

2020-07-07 14:24:37,450 - INFO - Progress is being logged to phydms_comprehensive_0.5/averaged_ExpCM_bind_log.log

2020-07-07 14:24:37,450 - INFO - Version information:
	Time and date: Tue Jul  7 14:24:36 2020
	Platform: Darwin-19.3.0-x86_64-i386-64bit
	Python version: 3.7.7 (default, Mar 26 2020, 10:32:53)  [Clang 4.0.1 (tags/RELEASE_401/final)]
	phydms version: 2.4.0
	Bio version: 1.77
	cython version: 0.29.19
	numpy version: 1.18.1
	scipy version: 1.4.1
	matplotlib version: 3.2.1
	natsort version: 7.0.1
	sympy version: 1.6
	six version: 1.14.0
	pandas version: 1.0.3
	pyvolve version: 1.0.1
	statsmodels version: 0.11.1
	weblogolib version: 3.5.0
	PyPDF2 version: 1.26.0

2020-07-07 14:24:37,450 - INFO - Parsed the following arguments:
	alignment = results/RBD_min0.5.fasta
	tree = phydms_comprehensive_0.5/RAxML_tree.newick
	model = ('ExpCM', 'results/bind.csv')
	outprefix = phydms_comprehensive_0.5/averaged_ExpCM_bind
	brlen = optimize
	gammaomega = False
	gammabeta = False
	omegabysite = True
	omegabysite_fixsyn = False
	diffprefsbysite = False
	diffprefsprior = ('invquadratic', 150.0, 0.5)
	fitphi = False
	randprefs = False
	avgprefs = True
	divpressure = None
	ncpus = 1
	fitprefsmethod = 2
	ncats = 4
	minbrlen = 1e-06
	minpref = 0.002
	seed = 1
	initparams = None
	profile = False
	opt_details = False
	nograd = False
	omega_random_effects_likelihood = False
	REL_ncats = 50

2020-07-07 14:24:37,450 - INFO - Random number seed: 1

2020-07-07 14:24:37,450 - INFO - Reading alignment from results/RBD_min0.5.fasta
2020-07-07 14:24:37,525 - INFO - Read 29 aligned sequences from results/RBD_min0.5.fasta, each consisting of 201 codons.

2020-07-07 14:24:37,526 - INFO - The model will be an ExpCM informed by site-specific amino-acid preferences in results/bind.csv
2020-07-07 14:24:37,526 - INFO - Preferences will be averaged across sites.
2020-07-07 14:24:37,765 - INFO - Successfully read site-specific amino-acid preferences for all 201 sites.

2020-07-07 14:24:37,765 - INFO - Nucleotide frequency parameters phi will be set so stationary state matches alignment nucleotide frequencies of A = 0.274, C = 0.195, G = 0.187, T = 0.344

2020-07-07 14:24:38,138 - INFO - Reading tree from phydms_comprehensive_0.5/RAxML_tree.newick
2020-07-07 14:24:38,140 - INFO - Tree has 29 tips.
2020-07-07 14:24:38,143 - INFO - Adjusted 1 branch lengths up to minbrlen 1e-06

2020-07-07 14:24:38,143 - INFO - Initializing TreeLikelihood..
2020-07-07 14:24:42,178 - INFO - TreeLikelihood initialized.
2020-07-07 14:24:42,178 - INFO - Maximizing log likelihood (initially -7317.42).
2020-07-07 14:24:42,179 - INFO - Branch lengths will be optimized individually.
2020-07-07 14:27:58,653 - INFO - Maximization complete:
	Step 1: optimized parameters, loglik went from -7317.42 to -6473.26 (21 iterations, 31 function evals)
	Step 2: optimized branches, loglik went from -6473.26 to -6469.63 (30 iterations, 37 function evals)
	Step 3: optimized parameters, loglik went from -6469.63 to -6469.62 (2 iterations, 5 function evals)
	Step 4: optimized branches, loglik went from -6469.62 to -6469.61 (3 iterations, 7 function evals)
2020-07-07 14:27:58,655 - INFO - Optimized log likelihood is -6469.61.
2020-07-07 14:27:58,655 - INFO - Writing log likelihood to phydms_comprehensive_0.5/averaged_ExpCM_bind_loglikelihood.txt
2020-07-07 14:27:58,665 - INFO - Model parameters after optimization:
	beta = 1.1e-05
	kappa = 2.19715
	omega = 0.0714234
	phiA = 0.287239
	phiC = 0.182244
	phiG = 0.187164
2020-07-07 14:27:58,665 - INFO - Writing model parameters to phydms_comprehensive_0.5/averaged_ExpCM_bind_modelparams.txt
2020-07-07 14:27:58,665 - INFO - Writing the optimized tree to phydms_comprehensive_0.5/averaged_ExpCM_bind_tree.newick

2020-07-07 14:27:58,693 - INFO - 
Fitting a different omega to each site to detect diversifying selection.
2020-07-07 14:27:58,694 - INFO - Will fit different synonymous rate for each site.
2020-07-07 14:27:58,694 - INFO - Fitting with 1 CPUs...
2020-07-07 14:29:12,465 - WARNING - /Users/skhilton/miniconda3/envs/phydms/bin/phydms:482: DeprecationWarning: scipy.where is deprecated and will be removed in SciPy 2.0.0, use numpy.where instead
  pvalues, 1)

2020-07-07 14:29:12,466 - WARNING - /Users/skhilton/miniconda3/envs/phydms/bin/phydms:485: DeprecationWarning: scipy.minimum is deprecated and will be removed in SciPy 2.0.0, use numpy.minimum instead
  qvalues = scipy.minimum(qvalues, qvalues_sign)

2020-07-07 14:29:12,466 - WARNING - /Users/skhilton/miniconda3/envs/phydms/bin/phydms:482: DeprecationWarning: scipy.where is deprecated and will be removed in SciPy 2.0.0, use numpy.where instead
  pvalues, 1)

2020-07-07 14:29:12,466 - WARNING - /Users/skhilton/miniconda3/envs/phydms/bin/phydms:485: DeprecationWarning: scipy.minimum is deprecated and will be removed in SciPy 2.0.0, use numpy.minimum instead
  qvalues = scipy.minimum(qvalues, qvalues_sign)

2020-07-07 14:29:12,466 - WARNING - /Users/skhilton/miniconda3/envs/phydms/bin/phydms:486: DeprecationWarning: scipy.argsort is deprecated and will be removed in SciPy 2.0.0, use numpy.argsort instead
  sortindex = scipy.argsort(qvalues)

2020-07-07 14:29:12,467 - WARNING - /Users/skhilton/miniconda3/envs/phydms/bin/phydms:487: DeprecationWarning: scipy.take is deprecated and will be removed in SciPy 2.0.0, use numpy.take instead
  qvalues = scipy.take(qvalues, sortindex)

2020-07-07 14:29:12,467 - WARNING - /Users/skhilton/miniconda3/envs/phydms/bin/phydms:488: DeprecationWarning: scipy.take is deprecated and will be removed in SciPy 2.0.0, use numpy.take instead
  omega_strs = scipy.take(omega_strs, sortindex)

2020-07-07 14:29:12,467 - INFO - Completed fitting the site-specific omega values.
2020-07-07 14:29:12,467 - INFO - Writing results to phydms_comprehensive_0.5/averaged_ExpCM_bind_omegabysite.txt

2020-07-07 14:29:12,468 - INFO - Successful completion of phydms
