2020-07-07 14:18:03,534 - INFO - Beginning execution of phydms in directory /Users/skhilton/Desktop/SARS-phydms

2020-07-07 14:18:03,534 - INFO - Progress is being logged to phydms_comprehensive_0.5/ExpCM_bind_log.log

2020-07-07 14:18:03,534 - INFO - Version information:
	Time and date: Tue Jul  7 14:18:02 2020
	Platform: Darwin-19.3.0-x86_64-i386-64bit
	Python version: 3.7.7 (default, Mar 26 2020, 10:32:53)  [Clang 4.0.1 (tags/RELEASE_401/final)]
	phydms version: 2.4.0
	Bio version: 1.77
	cython version: 0.29.19
	numpy version: 1.18.1
	scipy version: 1.4.1
	matplotlib version: 3.2.1
	natsort version: 7.0.1
	sympy version: 1.6
	six version: 1.14.0
	pandas version: 1.0.3
	pyvolve version: 1.0.1
	statsmodels version: 0.11.1
	weblogolib version: 3.5.0
	PyPDF2 version: 1.26.0

2020-07-07 14:18:03,534 - INFO - Parsed the following arguments:
	alignment = results/RBD_min0.5.fasta
	tree = phydms_comprehensive_0.5/RAxML_tree.newick
	model = ('ExpCM', 'results/bind.csv')
	outprefix = phydms_comprehensive_0.5/ExpCM_bind
	brlen = optimize
	gammaomega = False
	gammabeta = False
	omegabysite = True
	omegabysite_fixsyn = False
	diffprefsbysite = False
	diffprefsprior = ('invquadratic', 150.0, 0.5)
	fitphi = False
	randprefs = False
	avgprefs = False
	divpressure = None
	ncpus = 1
	fitprefsmethod = 2
	ncats = 4
	minbrlen = 1e-06
	minpref = 0.002
	seed = 1
	initparams = None
	profile = False
	opt_details = False
	nograd = False
	omega_random_effects_likelihood = False
	REL_ncats = 50

2020-07-07 14:18:03,534 - INFO - Random number seed: 1

2020-07-07 14:18:03,534 - INFO - Reading alignment from results/RBD_min0.5.fasta
2020-07-07 14:18:03,629 - INFO - Read 29 aligned sequences from results/RBD_min0.5.fasta, each consisting of 201 codons.

2020-07-07 14:18:03,630 - INFO - The model will be an ExpCM informed by site-specific amino-acid preferences in results/bind.csv
2020-07-07 14:18:03,956 - INFO - Successfully read site-specific amino-acid preferences for all 201 sites.

2020-07-07 14:18:03,956 - INFO - Nucleotide frequency parameters phi will be set so stationary state matches alignment nucleotide frequencies of A = 0.274, C = 0.195, G = 0.187, T = 0.344

2020-07-07 14:18:04,348 - INFO - Reading tree from phydms_comprehensive_0.5/RAxML_tree.newick
2020-07-07 14:18:04,353 - INFO - Tree has 29 tips.
2020-07-07 14:18:04,357 - INFO - Adjusted 1 branch lengths up to minbrlen 1e-06

2020-07-07 14:18:04,357 - INFO - Initializing TreeLikelihood..
2020-07-07 14:18:09,932 - INFO - TreeLikelihood initialized.
2020-07-07 14:18:09,935 - INFO - Maximizing log likelihood (initially -6860.15).
2020-07-07 14:18:09,935 - INFO - Branch lengths will be optimized individually.
2020-07-07 14:22:57,625 - INFO - Maximization complete:
	Step 1: optimized parameters, loglik went from -6860.15 to -6163.99 (15 iterations, 22 function evals)
	Step 2: optimized branches, loglik went from -6163.99 to -6158.04 (40 iterations, 48 function evals)
	Step 3: optimized parameters, loglik went from -6158.04 to -6157.85 (8 iterations, 13 function evals)
	Step 4: optimized branches, loglik went from -6157.85 to -6157.79 (20 iterations, 27 function evals)
	Step 5: optimized parameters, loglik went from -6157.79 to -6157.77 (4 iterations, 7 function evals)
	Step 6: optimized branches, loglik went from -6157.77 to -6157.77 (1 iterations, 4 function evals)
2020-07-07 14:22:57,627 - INFO - Optimized log likelihood is -6157.77.
2020-07-07 14:22:57,627 - INFO - Writing log likelihood to phydms_comprehensive_0.5/ExpCM_bind_loglikelihood.txt
2020-07-07 14:22:57,628 - INFO - Model parameters after optimization:
	beta = 1.30472
	kappa = 2.18326
	omega = 0.115387
	phiA = 0.299727
	phiC = 0.190359
	phiG = 0.178087
2020-07-07 14:22:57,628 - INFO - Writing model parameters to phydms_comprehensive_0.5/ExpCM_bind_modelparams.txt
2020-07-07 14:22:57,628 - INFO - Writing the optimized tree to phydms_comprehensive_0.5/ExpCM_bind_tree.newick

2020-07-07 14:22:57,631 - INFO - 
Fitting a different omega to each site to detect diversifying selection.
2020-07-07 14:22:57,631 - INFO - Will fit different synonymous rate for each site.
2020-07-07 14:22:57,631 - INFO - Fitting with 1 CPUs...
2020-07-07 14:24:23,849 - WARNING - /Users/skhilton/miniconda3/envs/phydms/bin/phydms:482: DeprecationWarning: scipy.where is deprecated and will be removed in SciPy 2.0.0, use numpy.where instead
  pvalues, 1)

2020-07-07 14:24:23,850 - WARNING - /Users/skhilton/miniconda3/envs/phydms/bin/phydms:485: DeprecationWarning: scipy.minimum is deprecated and will be removed in SciPy 2.0.0, use numpy.minimum instead
  qvalues = scipy.minimum(qvalues, qvalues_sign)

2020-07-07 14:24:23,851 - WARNING - /Users/skhilton/miniconda3/envs/phydms/bin/phydms:482: DeprecationWarning: scipy.where is deprecated and will be removed in SciPy 2.0.0, use numpy.where instead
  pvalues, 1)

2020-07-07 14:24:23,851 - WARNING - /Users/skhilton/miniconda3/envs/phydms/bin/phydms:485: DeprecationWarning: scipy.minimum is deprecated and will be removed in SciPy 2.0.0, use numpy.minimum instead
  qvalues = scipy.minimum(qvalues, qvalues_sign)

2020-07-07 14:24:23,851 - WARNING - /Users/skhilton/miniconda3/envs/phydms/bin/phydms:486: DeprecationWarning: scipy.argsort is deprecated and will be removed in SciPy 2.0.0, use numpy.argsort instead
  sortindex = scipy.argsort(qvalues)

2020-07-07 14:24:23,851 - WARNING - /Users/skhilton/miniconda3/envs/phydms/bin/phydms:487: DeprecationWarning: scipy.take is deprecated and will be removed in SciPy 2.0.0, use numpy.take instead
  qvalues = scipy.take(qvalues, sortindex)

2020-07-07 14:24:23,851 - WARNING - /Users/skhilton/miniconda3/envs/phydms/bin/phydms:488: DeprecationWarning: scipy.take is deprecated and will be removed in SciPy 2.0.0, use numpy.take instead
  omega_strs = scipy.take(omega_strs, sortindex)

2020-07-07 14:24:23,852 - INFO - Completed fitting the site-specific omega values.
2020-07-07 14:24:23,852 - INFO - Writing results to phydms_comprehensive_0.5/ExpCM_bind_omegabysite.txt

2020-07-07 14:24:23,852 - INFO - Successful completion of phydms
