2020-07-07 14:24:27,708 - INFO - Beginning execution of phydms in directory /Users/skhilton/Desktop/SARS-phydms

2020-07-07 14:24:27,708 - INFO - Progress is being logged to phydms_comprehensive_0.5/ExpCM_bind_gammaomega_log.log

2020-07-07 14:24:27,709 - INFO - Version information:
	Time and date: Tue Jul  7 14:24:26 2020
	Platform: Darwin-19.3.0-x86_64-i386-64bit
	Python version: 3.7.7 (default, Mar 26 2020, 10:32:53)  [Clang 4.0.1 (tags/RELEASE_401/final)]
	phydms version: 2.4.0
	Bio version: 1.77
	cython version: 0.29.19
	numpy version: 1.18.1
	scipy version: 1.4.1
	matplotlib version: 3.2.1
	natsort version: 7.0.1
	sympy version: 1.6
	six version: 1.14.0
	pandas version: 1.0.3
	pyvolve version: 1.0.1
	statsmodels version: 0.11.1
	weblogolib version: 3.5.0
	PyPDF2 version: 1.26.0

2020-07-07 14:24:27,709 - INFO - Parsed the following arguments:
	alignment = results/RBD_min0.5.fasta
	tree = phydms_comprehensive_0.5/RAxML_tree.newick
	model = ('ExpCM', 'results/bind.csv')
	outprefix = phydms_comprehensive_0.5/ExpCM_bind_gammaomega
	brlen = optimize
	gammaomega = True
	gammabeta = False
	omegabysite = True
	omegabysite_fixsyn = False
	diffprefsbysite = False
	diffprefsprior = ('invquadratic', 150.0, 0.5)
	fitphi = False
	randprefs = False
	avgprefs = False
	divpressure = None
	ncpus = 1
	fitprefsmethod = 2
	ncats = 4
	minbrlen = 1e-06
	minpref = 0.002
	seed = 1
	initparams = None
	profile = False
	opt_details = False
	nograd = False
	omega_random_effects_likelihood = True
	REL_ncats = 50

2020-07-07 14:24:27,709 - INFO - Random number seed: 1

2020-07-07 14:24:27,709 - INFO - Reading alignment from results/RBD_min0.5.fasta
2020-07-07 14:24:27,796 - INFO - Read 29 aligned sequences from results/RBD_min0.5.fasta, each consisting of 201 codons.

2020-07-07 14:24:27,796 - INFO - The model will be an ExpCM informed by site-specific amino-acid preferences in results/bind.csv
2020-07-07 14:24:28,046 - INFO - Successfully read site-specific amino-acid preferences for all 201 sites.

2020-07-07 14:24:28,046 - INFO - Nucleotide frequency parameters phi will be set so stationary state matches alignment nucleotide frequencies of A = 0.274, C = 0.195, G = 0.187, T = 0.344

2020-07-07 14:24:28,415 - INFO - Omega will be drawn from 4 gamma-distributed categories.

2020-07-07 14:24:29,924 - INFO - Reading tree from phydms_comprehensive_0.5/RAxML_tree.newick
2020-07-07 14:24:29,926 - INFO - Tree has 29 tips.
2020-07-07 14:24:29,931 - INFO - Adjusted 1 branch lengths up to minbrlen 1e-06

2020-07-07 14:24:29,931 - INFO - Initializing TreeLikelihood..
2020-07-07 14:24:45,241 - INFO - TreeLikelihood initialized.
2020-07-07 14:24:45,242 - INFO - Maximizing log likelihood (initially -6715.41).
2020-07-07 14:24:45,242 - INFO - Branch lengths will be optimized individually.
2020-07-07 14:46:07,192 - INFO - Maximization complete:
	Step 1: optimized parameters, loglik went from -6715.41 to -6005.58 (16 iterations, 24 function evals)
	Step 2: optimized branches, loglik went from -6005.58 to -5991.81 (103 iterations, 115 function evals)
	Step 3: optimized parameters, loglik went from -5991.81 to -5990.79 (7 iterations, 11 function evals)
	Step 4: optimized branches, loglik went from -5990.79 to -5990.73 (14 iterations, 18 function evals)
	Step 5: optimized parameters, loglik went from -5990.73 to -5990.73 (3 iterations, 6 function evals)
2020-07-07 14:46:07,199 - INFO - Optimized log likelihood is -5990.73.
2020-07-07 14:46:07,199 - INFO - Writing log likelihood to phydms_comprehensive_0.5/ExpCM_bind_gammaomega_loglikelihood.txt
2020-07-07 14:46:07,212 - INFO - Model parameters after optimization:
	alpha_omega = 0.375887
	beta = 1.16504
	beta_omega = 2.42488
	kappa = 2.31519
	phiA = 0.299549
	phiC = 0.190132
	phiG = 0.179052
2020-07-07 14:46:07,213 - INFO - Writing model parameters to phydms_comprehensive_0.5/ExpCM_bind_gammaomega_modelparams.txt
2020-07-07 14:46:07,214 - INFO - Writing the optimized tree to phydms_comprehensive_0.5/ExpCM_bind_gammaomega_tree.newick

2020-07-07 14:46:07,250 - INFO - 
Fitting a different omega to each site to detect diversifying selection.
2020-07-07 14:46:07,251 - INFO - Will fit different synonymous rate for each site.
2020-07-07 14:46:07,251 - INFO - Fitting with 1 CPUs...
2020-07-07 14:47:35,057 - WARNING - /Users/skhilton/miniconda3/envs/phydms/bin/phydms:482: DeprecationWarning: scipy.where is deprecated and will be removed in SciPy 2.0.0, use numpy.where instead
  pvalues, 1)

2020-07-07 14:47:35,058 - WARNING - /Users/skhilton/miniconda3/envs/phydms/bin/phydms:485: DeprecationWarning: scipy.minimum is deprecated and will be removed in SciPy 2.0.0, use numpy.minimum instead
  qvalues = scipy.minimum(qvalues, qvalues_sign)

2020-07-07 14:47:35,058 - WARNING - /Users/skhilton/miniconda3/envs/phydms/bin/phydms:482: DeprecationWarning: scipy.where is deprecated and will be removed in SciPy 2.0.0, use numpy.where instead
  pvalues, 1)

2020-07-07 14:47:35,058 - WARNING - /Users/skhilton/miniconda3/envs/phydms/bin/phydms:485: DeprecationWarning: scipy.minimum is deprecated and will be removed in SciPy 2.0.0, use numpy.minimum instead
  qvalues = scipy.minimum(qvalues, qvalues_sign)

2020-07-07 14:47:35,059 - WARNING - /Users/skhilton/miniconda3/envs/phydms/bin/phydms:486: DeprecationWarning: scipy.argsort is deprecated and will be removed in SciPy 2.0.0, use numpy.argsort instead
  sortindex = scipy.argsort(qvalues)

2020-07-07 14:47:35,059 - WARNING - /Users/skhilton/miniconda3/envs/phydms/bin/phydms:487: DeprecationWarning: scipy.take is deprecated and will be removed in SciPy 2.0.0, use numpy.take instead
  qvalues = scipy.take(qvalues, sortindex)

2020-07-07 14:47:35,059 - WARNING - /Users/skhilton/miniconda3/envs/phydms/bin/phydms:488: DeprecationWarning: scipy.take is deprecated and will be removed in SciPy 2.0.0, use numpy.take instead
  omega_strs = scipy.take(omega_strs, sortindex)

2020-07-07 14:47:35,061 - INFO - Completed fitting the site-specific omega values.
2020-07-07 14:47:35,062 - INFO - Writing results to phydms_comprehensive_0.5/ExpCM_bind_gammaomega_omegabysite.txt

2020-07-07 14:47:35,506 - INFO - Distribution of omega values will be integrated with 50 discrete categories.
2020-07-07 14:47:35,518 - INFO - Constructing a substitution model for each discrete category.
2020-07-07 14:49:43,064 - INFO - There are 1 category(ies) whose omega value is greater than one.
2020-07-07 14:49:43,066 - INFO - Computing posterior probabilities of positive selection for each site.
2020-07-07 14:49:43,093 - INFO - Computing false discovery rate.
2020-07-07 14:49:43,166 - INFO - Successful completion of phydms
