2020-07-07 14:49:47,664 - INFO - Beginning execution of phydms in directory /Users/skhilton/Desktop/SARS-phydms

2020-07-07 14:49:47,664 - INFO - Progress is being logged to phydms_comprehensive_0.5/ExpCM_expr_gammaomega_log.log

2020-07-07 14:49:47,664 - INFO - Version information:
	Time and date: Tue Jul  7 14:49:46 2020
	Platform: Darwin-19.3.0-x86_64-i386-64bit
	Python version: 3.7.7 (default, Mar 26 2020, 10:32:53)  [Clang 4.0.1 (tags/RELEASE_401/final)]
	phydms version: 2.4.0
	Bio version: 1.77
	cython version: 0.29.19
	numpy version: 1.18.1
	scipy version: 1.4.1
	matplotlib version: 3.2.1
	natsort version: 7.0.1
	sympy version: 1.6
	six version: 1.14.0
	pandas version: 1.0.3
	pyvolve version: 1.0.1
	statsmodels version: 0.11.1
	weblogolib version: 3.5.0
	PyPDF2 version: 1.26.0

2020-07-07 14:49:47,665 - INFO - Parsed the following arguments:
	alignment = results/RBD_min0.5.fasta
	tree = phydms_comprehensive_0.5/RAxML_tree.newick
	model = ('ExpCM', 'results/expr.csv')
	outprefix = phydms_comprehensive_0.5/ExpCM_expr_gammaomega
	brlen = optimize
	gammaomega = True
	gammabeta = False
	omegabysite = True
	omegabysite_fixsyn = False
	diffprefsbysite = False
	diffprefsprior = ('invquadratic', 150.0, 0.5)
	fitphi = False
	randprefs = False
	avgprefs = False
	divpressure = None
	ncpus = 1
	fitprefsmethod = 2
	ncats = 4
	minbrlen = 1e-06
	minpref = 0.002
	seed = 1
	initparams = None
	profile = False
	opt_details = False
	nograd = False
	omega_random_effects_likelihood = True
	REL_ncats = 50

2020-07-07 14:49:47,665 - INFO - Random number seed: 1

2020-07-07 14:49:47,665 - INFO - Reading alignment from results/RBD_min0.5.fasta
2020-07-07 14:49:47,741 - INFO - Read 29 aligned sequences from results/RBD_min0.5.fasta, each consisting of 201 codons.

2020-07-07 14:49:47,741 - INFO - The model will be an ExpCM informed by site-specific amino-acid preferences in results/expr.csv
2020-07-07 14:49:47,980 - INFO - Successfully read site-specific amino-acid preferences for all 201 sites.

2020-07-07 14:49:47,980 - INFO - Nucleotide frequency parameters phi will be set so stationary state matches alignment nucleotide frequencies of A = 0.274, C = 0.195, G = 0.187, T = 0.344

2020-07-07 14:49:48,379 - INFO - Omega will be drawn from 4 gamma-distributed categories.

2020-07-07 14:49:49,770 - INFO - Reading tree from phydms_comprehensive_0.5/RAxML_tree.newick
2020-07-07 14:49:49,771 - INFO - Tree has 29 tips.
2020-07-07 14:49:49,775 - INFO - Adjusted 1 branch lengths up to minbrlen 1e-06

2020-07-07 14:49:49,775 - INFO - Initializing TreeLikelihood..
2020-07-07 14:50:03,950 - INFO - TreeLikelihood initialized.
2020-07-07 14:50:03,950 - INFO - Maximizing log likelihood (initially -6466.39).
2020-07-07 14:50:03,950 - INFO - Branch lengths will be optimized individually.
2020-07-07 15:11:59,185 - INFO - Maximization complete:
	Step 1: optimized parameters, loglik went from -6466.39 to -5818.57 (17 iterations, 23 function evals)
	Step 2: optimized branches, loglik went from -5818.57 to -5799.49 (122 iterations, 136 function evals)
	Step 3: optimized parameters, loglik went from -5799.49 to -5798.23 (9 iterations, 13 function evals)
	Step 4: optimized branches, loglik went from -5798.23 to -5798.17 (7 iterations, 12 function evals)
	Step 5: optimized parameters, loglik went from -5798.17 to -5798.16 (2 iterations, 4 function evals)
2020-07-07 15:11:59,193 - INFO - Optimized log likelihood is -5798.16.
2020-07-07 15:11:59,194 - INFO - Writing log likelihood to phydms_comprehensive_0.5/ExpCM_expr_gammaomega_loglikelihood.txt
2020-07-07 15:11:59,207 - INFO - Model parameters after optimization:
	alpha_omega = 0.475185
	beta = 1.33057
	beta_omega = 2.01529
	kappa = 2.37012
	phiA = 0.276884
	phiC = 0.178628
	phiG = 0.161636
2020-07-07 15:11:59,207 - INFO - Writing model parameters to phydms_comprehensive_0.5/ExpCM_expr_gammaomega_modelparams.txt
2020-07-07 15:11:59,207 - INFO - Writing the optimized tree to phydms_comprehensive_0.5/ExpCM_expr_gammaomega_tree.newick

2020-07-07 15:11:59,234 - INFO - 
Fitting a different omega to each site to detect diversifying selection.
2020-07-07 15:11:59,234 - INFO - Will fit different synonymous rate for each site.
2020-07-07 15:11:59,235 - INFO - Fitting with 1 CPUs...
2020-07-07 15:13:07,265 - WARNING - /Users/skhilton/miniconda3/envs/phydms/bin/phydms:482: DeprecationWarning: scipy.where is deprecated and will be removed in SciPy 2.0.0, use numpy.where instead
  pvalues, 1)

2020-07-07 15:13:07,266 - WARNING - /Users/skhilton/miniconda3/envs/phydms/bin/phydms:485: DeprecationWarning: scipy.minimum is deprecated and will be removed in SciPy 2.0.0, use numpy.minimum instead
  qvalues = scipy.minimum(qvalues, qvalues_sign)

2020-07-07 15:13:07,266 - WARNING - /Users/skhilton/miniconda3/envs/phydms/bin/phydms:482: DeprecationWarning: scipy.where is deprecated and will be removed in SciPy 2.0.0, use numpy.where instead
  pvalues, 1)

2020-07-07 15:13:07,267 - WARNING - /Users/skhilton/miniconda3/envs/phydms/bin/phydms:485: DeprecationWarning: scipy.minimum is deprecated and will be removed in SciPy 2.0.0, use numpy.minimum instead
  qvalues = scipy.minimum(qvalues, qvalues_sign)

2020-07-07 15:13:07,267 - WARNING - /Users/skhilton/miniconda3/envs/phydms/bin/phydms:486: DeprecationWarning: scipy.argsort is deprecated and will be removed in SciPy 2.0.0, use numpy.argsort instead
  sortindex = scipy.argsort(qvalues)

2020-07-07 15:13:07,267 - WARNING - /Users/skhilton/miniconda3/envs/phydms/bin/phydms:487: DeprecationWarning: scipy.take is deprecated and will be removed in SciPy 2.0.0, use numpy.take instead
  qvalues = scipy.take(qvalues, sortindex)

2020-07-07 15:13:07,267 - WARNING - /Users/skhilton/miniconda3/envs/phydms/bin/phydms:488: DeprecationWarning: scipy.take is deprecated and will be removed in SciPy 2.0.0, use numpy.take instead
  omega_strs = scipy.take(omega_strs, sortindex)

2020-07-07 15:13:07,267 - INFO - Completed fitting the site-specific omega values.
2020-07-07 15:13:07,267 - INFO - Writing results to phydms_comprehensive_0.5/ExpCM_expr_gammaomega_omegabysite.txt

2020-07-07 15:13:07,598 - INFO - Distribution of omega values will be integrated with 50 discrete categories.
2020-07-07 15:13:07,607 - INFO - Constructing a substitution model for each discrete category.
2020-07-07 15:15:14,212 - INFO - There are 2 category(ies) whose omega value is greater than one.
2020-07-07 15:15:14,214 - INFO - Computing posterior probabilities of positive selection for each site.
2020-07-07 15:15:14,244 - INFO - Computing false discovery rate.
2020-07-07 15:15:14,312 - INFO - Successful completion of phydms
