2020-07-07 14:14:29,757 - INFO - Beginning execution of phydms in directory /Users/skhilton/Desktop/SARS-phydms

2020-07-07 14:14:29,758 - INFO - Progress is being logged to phydms_comprehensive_0.5/YNGKP_M5_log.log

2020-07-07 14:14:29,758 - INFO - Version information:
	Time and date: Tue Jul  7 14:14:29 2020
	Platform: Darwin-19.3.0-x86_64-i386-64bit
	Python version: 3.7.7 (default, Mar 26 2020, 10:32:53)  [Clang 4.0.1 (tags/RELEASE_401/final)]
	phydms version: 2.4.0
	Bio version: 1.77
	cython version: 0.29.19
	numpy version: 1.18.1
	scipy version: 1.4.1
	matplotlib version: 3.2.1
	natsort version: 7.0.1
	sympy version: 1.6
	six version: 1.14.0
	pandas version: 1.0.3
	pyvolve version: 1.0.1
	statsmodels version: 0.11.1
	weblogolib version: 3.5.0
	PyPDF2 version: 1.26.0

2020-07-07 14:14:29,758 - INFO - Parsed the following arguments:
	alignment = results/RBD_min0.5.fasta
	tree = phydms_comprehensive_0.5/RAxML_tree.newick
	model = YNGKP_M5
	outprefix = phydms_comprehensive_0.5/YNGKP_M5
	brlen = optimize
	gammaomega = False
	gammabeta = False
	omegabysite = True
	omegabysite_fixsyn = False
	diffprefsbysite = False
	diffprefsprior = ('invquadratic', 150.0, 0.5)
	fitphi = False
	randprefs = False
	avgprefs = False
	divpressure = None
	ncpus = 1
	fitprefsmethod = 2
	ncats = 4
	minbrlen = 1e-06
	minpref = 0.002
	seed = 1
	initparams = None
	profile = False
	opt_details = False
	nograd = False
	omega_random_effects_likelihood = True
	REL_ncats = 50

2020-07-07 14:14:29,758 - INFO - Random number seed: 1

2020-07-07 14:14:29,758 - INFO - Reading alignment from results/RBD_min0.5.fasta
2020-07-07 14:14:29,839 - INFO - Read 29 aligned sequences from results/RBD_min0.5.fasta, each consisting of 201 codons.

2020-07-07 14:14:29,840 - INFO - Codon substitution model with be M5 version of YNGKP (Yang, Nielsen, Goldman, & Pederson. Genetics. 155:431-449).
2020-07-07 14:14:29,846 - INFO - For this YNGKP_M5 model, omega will be drawn from 4 gamma-distributed categories.
2020-07-07 14:14:29,869 - INFO - Reading tree from phydms_comprehensive_0.5/RAxML_tree.newick
2020-07-07 14:14:29,870 - INFO - Tree has 29 tips.
2020-07-07 14:14:29,873 - INFO - Adjusted 1 branch lengths up to minbrlen 1e-06

2020-07-07 14:14:29,873 - INFO - Initializing TreeLikelihood..
2020-07-07 14:14:31,906 - INFO - TreeLikelihood initialized.
2020-07-07 14:14:31,906 - INFO - Maximizing log likelihood (initially -7335.23).
2020-07-07 14:14:31,906 - INFO - Branch lengths will be optimized individually.
2020-07-07 14:22:08,294 - INFO - Maximization complete:
	Step 1: optimized parameters, loglik went from -7335.23 to -6256.88 (18 iterations, 23 function evals)
	Step 2: optimized branches, loglik went from -6256.88 to -6242.11 (67 iterations, 73 function evals)
	Step 3: optimized parameters, loglik went from -6242.11 to -6241.43 (13 iterations, 15 function evals)
	Step 4: optimized branches, loglik went from -6241.43 to -6241.29 (59 iterations, 65 function evals)
	Step 5: optimized parameters, loglik went from -6241.29 to -6241.28 (4 iterations, 7 function evals)
2020-07-07 14:22:08,295 - INFO - Optimized log likelihood is -6241.28.
2020-07-07 14:22:08,295 - INFO - Writing log likelihood to phydms_comprehensive_0.5/YNGKP_M5_loglikelihood.txt
2020-07-07 14:22:08,296 - INFO - Model parameters after optimization:
	alpha_omega = 0.300001
	beta_omega = 4.24686
	kappa = 2.07226
	phi0A = 0.267024
	phi0C = 0.132904
	phi0G = 0.276232
	phi1A = 0.328254
	phi1C = 0.262333
	phi1G = 0.163583
	phi2A = 0.264298
	phi2C = 0.157748
	phi2G = 0.11722
2020-07-07 14:22:08,296 - INFO - Writing model parameters to phydms_comprehensive_0.5/YNGKP_M5_modelparams.txt
2020-07-07 14:22:08,296 - INFO - Writing the optimized tree to phydms_comprehensive_0.5/YNGKP_M5_tree.newick

2020-07-07 14:22:08,299 - INFO - 
Fitting a different omega to each site to detect diversifying selection.
2020-07-07 14:22:08,300 - INFO - Will fit different synonymous rate for each site.
2020-07-07 14:22:08,300 - INFO - Fitting with 1 CPUs...
2020-07-07 14:24:05,305 - WARNING - /Users/skhilton/miniconda3/envs/phydms/bin/phydms:482: DeprecationWarning: scipy.where is deprecated and will be removed in SciPy 2.0.0, use numpy.where instead
  pvalues, 1)

2020-07-07 14:24:05,306 - WARNING - /Users/skhilton/miniconda3/envs/phydms/bin/phydms:485: DeprecationWarning: scipy.minimum is deprecated and will be removed in SciPy 2.0.0, use numpy.minimum instead
  qvalues = scipy.minimum(qvalues, qvalues_sign)

2020-07-07 14:24:05,306 - WARNING - /Users/skhilton/miniconda3/envs/phydms/bin/phydms:482: DeprecationWarning: scipy.where is deprecated and will be removed in SciPy 2.0.0, use numpy.where instead
  pvalues, 1)

2020-07-07 14:24:05,306 - WARNING - /Users/skhilton/miniconda3/envs/phydms/bin/phydms:485: DeprecationWarning: scipy.minimum is deprecated and will be removed in SciPy 2.0.0, use numpy.minimum instead
  qvalues = scipy.minimum(qvalues, qvalues_sign)

2020-07-07 14:24:05,306 - WARNING - /Users/skhilton/miniconda3/envs/phydms/bin/phydms:486: DeprecationWarning: scipy.argsort is deprecated and will be removed in SciPy 2.0.0, use numpy.argsort instead
  sortindex = scipy.argsort(qvalues)

2020-07-07 14:24:05,306 - WARNING - /Users/skhilton/miniconda3/envs/phydms/bin/phydms:487: DeprecationWarning: scipy.take is deprecated and will be removed in SciPy 2.0.0, use numpy.take instead
  qvalues = scipy.take(qvalues, sortindex)

2020-07-07 14:24:05,306 - WARNING - /Users/skhilton/miniconda3/envs/phydms/bin/phydms:488: DeprecationWarning: scipy.take is deprecated and will be removed in SciPy 2.0.0, use numpy.take instead
  omega_strs = scipy.take(omega_strs, sortindex)

2020-07-07 14:24:05,307 - INFO - Completed fitting the site-specific omega values.
2020-07-07 14:24:05,307 - INFO - Writing results to phydms_comprehensive_0.5/YNGKP_M5_omegabysite.txt

2020-07-07 14:24:05,312 - INFO - Distribution of omega values will be integrated with 50 discrete categories.
2020-07-07 14:24:05,328 - INFO - Constructing a substitution model for each discrete category.
2020-07-07 14:24:33,469 - INFO - There are 0 category(ies) whose omega value is greater than one.
2020-07-07 14:24:33,470 - INFO - Computing posterior probabilities of positive selection for each site.
2020-07-07 14:24:33,484 - INFO - Computing false discovery rate.
2020-07-07 14:24:33,536 - INFO - Successful completion of phydms
