2020-07-07 14:14:29,510 - INFO - Beginning execution of phydms in directory /Users/skhilton/Desktop/SARS-phydms

2020-07-07 14:14:29,510 - INFO - Progress is being logged to phydms_comprehensive_0.5/YNGKP_M0_log.log

2020-07-07 14:14:29,511 - INFO - Version information:
	Time and date: Tue Jul  7 14:14:28 2020
	Platform: Darwin-19.3.0-x86_64-i386-64bit
	Python version: 3.7.7 (default, Mar 26 2020, 10:32:53)  [Clang 4.0.1 (tags/RELEASE_401/final)]
	phydms version: 2.4.0
	Bio version: 1.77
	cython version: 0.29.19
	numpy version: 1.18.1
	scipy version: 1.4.1
	matplotlib version: 3.2.1
	natsort version: 7.0.1
	sympy version: 1.6
	six version: 1.14.0
	pandas version: 1.0.3
	pyvolve version: 1.0.1
	statsmodels version: 0.11.1
	weblogolib version: 3.5.0
	PyPDF2 version: 1.26.0

2020-07-07 14:14:29,511 - INFO - Parsed the following arguments:
	alignment = results/RBD_min0.5.fasta
	tree = phydms_comprehensive_0.5/RAxML_tree.newick
	model = YNGKP_M0
	outprefix = phydms_comprehensive_0.5/YNGKP_M0
	brlen = optimize
	gammaomega = False
	gammabeta = False
	omegabysite = True
	omegabysite_fixsyn = False
	diffprefsbysite = False
	diffprefsprior = ('invquadratic', 150.0, 0.5)
	fitphi = False
	randprefs = False
	avgprefs = False
	divpressure = None
	ncpus = 1
	fitprefsmethod = 2
	ncats = 4
	minbrlen = 1e-06
	minpref = 0.002
	seed = 1
	initparams = None
	profile = False
	opt_details = False
	nograd = False
	omega_random_effects_likelihood = False
	REL_ncats = 50

2020-07-07 14:14:29,511 - INFO - Random number seed: 1

2020-07-07 14:14:29,511 - INFO - Reading alignment from results/RBD_min0.5.fasta
2020-07-07 14:14:29,591 - INFO - Read 29 aligned sequences from results/RBD_min0.5.fasta, each consisting of 201 codons.

2020-07-07 14:14:29,592 - INFO - Codon substitution model with be M0 version of YNGKP (Yang, Nielsen, Goldman, & Pederson. Genetics. 155:431-449).
2020-07-07 14:14:29,602 - INFO - Reading tree from phydms_comprehensive_0.5/RAxML_tree.newick
2020-07-07 14:14:29,604 - INFO - Tree has 29 tips.
2020-07-07 14:14:29,607 - INFO - Adjusted 1 branch lengths up to minbrlen 1e-06

2020-07-07 14:14:29,607 - INFO - Initializing TreeLikelihood..
2020-07-07 14:14:30,149 - INFO - TreeLikelihood initialized.
2020-07-07 14:14:30,150 - INFO - Maximizing log likelihood (initially -7554.64).
2020-07-07 14:14:30,150 - INFO - Branch lengths will be optimized individually.
2020-07-07 14:16:23,884 - INFO - Maximization complete:
	Step 1: optimized parameters, loglik went from -7554.64 to -6488.99 (20 iterations, 31 function evals)
	Step 2: optimized branches, loglik went from -6488.99 to -6480.65 (38 iterations, 45 function evals)
	Step 3: optimized parameters, loglik went from -6480.65 to -6480.08 (4 iterations, 8 function evals)
	Step 4: optimized branches, loglik went from -6480.08 to -6479.88 (24 iterations, 29 function evals)
	Step 5: optimized parameters, loglik went from -6479.88 to -6479.79 (4 iterations, 7 function evals)
	Step 6: optimized branches, loglik went from -6479.79 to -6479.75 (22 iterations, 26 function evals)
	Step 7: optimized parameters, loglik went from -6479.75 to -6479.72 (3 iterations, 6 function evals)
	Step 8: optimized branches, loglik went from -6479.72 to -6479.70 (13 iterations, 17 function evals)
	Step 9: optimized parameters, loglik went from -6479.70 to -6479.70 (2 iterations, 5 function evals)
2020-07-07 14:16:23,884 - INFO - Optimized log likelihood is -6479.70.
2020-07-07 14:16:23,884 - INFO - Writing log likelihood to phydms_comprehensive_0.5/YNGKP_M0_loglikelihood.txt
2020-07-07 14:16:23,885 - INFO - Model parameters after optimization:
	kappa = 2.01334
	omega = 0.0432012
	phi0A = 0.267024
	phi0C = 0.132904
	phi0G = 0.276232
	phi1A = 0.328254
	phi1C = 0.262333
	phi1G = 0.163583
	phi2A = 0.264298
	phi2C = 0.157748
	phi2G = 0.11722
2020-07-07 14:16:23,885 - INFO - Writing model parameters to phydms_comprehensive_0.5/YNGKP_M0_modelparams.txt
2020-07-07 14:16:23,885 - INFO - Writing the optimized tree to phydms_comprehensive_0.5/YNGKP_M0_tree.newick

2020-07-07 14:16:23,886 - INFO - 
Fitting a different omega to each site to detect diversifying selection.
2020-07-07 14:16:23,886 - INFO - Will fit different synonymous rate for each site.
2020-07-07 14:16:23,886 - INFO - Fitting with 1 CPUs...
2020-07-07 14:18:00,060 - WARNING - /Users/skhilton/miniconda3/envs/phydms/bin/phydms:482: DeprecationWarning: scipy.where is deprecated and will be removed in SciPy 2.0.0, use numpy.where instead
  pvalues, 1)

2020-07-07 14:18:00,061 - WARNING - /Users/skhilton/miniconda3/envs/phydms/bin/phydms:485: DeprecationWarning: scipy.minimum is deprecated and will be removed in SciPy 2.0.0, use numpy.minimum instead
  qvalues = scipy.minimum(qvalues, qvalues_sign)

2020-07-07 14:18:00,061 - WARNING - /Users/skhilton/miniconda3/envs/phydms/bin/phydms:482: DeprecationWarning: scipy.where is deprecated and will be removed in SciPy 2.0.0, use numpy.where instead
  pvalues, 1)

2020-07-07 14:18:00,062 - WARNING - /Users/skhilton/miniconda3/envs/phydms/bin/phydms:485: DeprecationWarning: scipy.minimum is deprecated and will be removed in SciPy 2.0.0, use numpy.minimum instead
  qvalues = scipy.minimum(qvalues, qvalues_sign)

2020-07-07 14:18:00,062 - WARNING - /Users/skhilton/miniconda3/envs/phydms/bin/phydms:486: DeprecationWarning: scipy.argsort is deprecated and will be removed in SciPy 2.0.0, use numpy.argsort instead
  sortindex = scipy.argsort(qvalues)

2020-07-07 14:18:00,062 - WARNING - /Users/skhilton/miniconda3/envs/phydms/bin/phydms:487: DeprecationWarning: scipy.take is deprecated and will be removed in SciPy 2.0.0, use numpy.take instead
  qvalues = scipy.take(qvalues, sortindex)

2020-07-07 14:18:00,062 - WARNING - /Users/skhilton/miniconda3/envs/phydms/bin/phydms:488: DeprecationWarning: scipy.take is deprecated and will be removed in SciPy 2.0.0, use numpy.take instead
  omega_strs = scipy.take(omega_strs, sortindex)

2020-07-07 14:18:00,062 - INFO - Completed fitting the site-specific omega values.
2020-07-07 14:18:00,062 - INFO - Writing results to phydms_comprehensive_0.5/YNGKP_M0_omegabysite.txt

2020-07-07 14:18:00,063 - INFO - Successful completion of phydms
